"../../../../../../Test/HomeWork_10/Content/Color2.uasset" 0
"../../../../../../Test/HomeWork_10/Content/Color2_Mat.uasset" 1
"../../../../../../Test/HomeWork_10/Content/Material_019.uasset" 2
"../../../../../../Test/HomeWork_10/Content/Crate_V1.uasset" 3
"../../../../../../Test/HomeWork_10/Content/Material_020.uasset" 4
"../../../../../../Test/HomeWork_10/Content/Crate_V1_1.uasset" 5
"../../../../../../Test/HomeWork_10/Content/Material_021.uasset" 6
"../../../../../../Test/HomeWork_10/Content/Crate_V2.uasset" 7
"../../../../../../Test/HomeWork_10/Content/Material_022.uasset" 8
"../../../../../../Test/HomeWork_10/Content/Crate_V2_1.uasset" 9
"../../../../../../Test/HomeWork_10/Content/Material_023.uasset" 10
"../../../../../../Test/HomeWork_10/Content/Crate_V3.uasset" 11
"../../../../../../Test/HomeWork_10/Content/Material_024.uasset" 12
"../../../../../../Test/HomeWork_10/Content/Crate_V3_1.uasset" 13
"../../../../../../Test/HomeWork_10/Content/Material_025.uasset" 14
"../../../../../../Test/HomeWork_10/Content/Crate_V4.uasset" 15
"../../../../../../Test/HomeWork_10/Content/Material_026.uasset" 16
"../../../../../../Test/HomeWork_10/Content/Crate_V4_Multicolor.uasset" 17
"../../../../../../Test/HomeWork_10/Content/Red.uasset" 18
"../../../../../../Test/HomeWork_10/Content/Red_Dark.uasset" 19
"../../../../../../Test/HomeWork_10/Content/Cube_Bricks.uasset" 20
"../../../../../../Test/HomeWork_10/Content/Arcanoid/Blueprints/Block_Rotator.uasset" 21
"../../../Engine/Content/EditorBlueprintResources/StandardMacros.uasset" 22
"../../../Engine/Content/BasicShapes/BasicShapeMaterial.uasset" 23
"../../../Engine/Content/Functions/Engine_MaterialFunctions01/Opacity/CameraDepthFade.uasset" 24
"../../../Engine/Content/EngineMaterials/T_Default_Material_Grid_M.uasset" 25
"../../../Engine/Content/EngineMaterials/T_Default_Material_Grid_N.uasset" 26
"../../../Engine/Content/EngineMaterials/WorldGridMaterial.uasset" 27
"../../../Engine/Content/BasicShapes/Cube.uasset" 28
"../../../../../../Test/HomeWork_10/Content/Arcanoid/Blueprints/Bonus_Type.uasset" 29
"../../../../../../Test/HomeWork_10/Content/Arcanoid/Blueprints/BP_Bonus.uasset" 30
"../../../../../../Test/HomeWork_10/Content/Arcanoid/Materials/BasicMateriaGold.uasset" 31
"../../../Engine/Content/EngineMaterials/DefaultMaterial.uasset" 32
"../../../Engine/Content/BasicShapes/Sphere.uasset" 33
"../../../../../../Test/HomeWork_10/Content/Arcanoid/Blueprints/BP_Sphere.uasset" 34
"../../../../../../Test/HomeWork_10/Content/ModularDungeon/Materials/RedCrate.uasset" 35
"../../../../../../Test/HomeWork_10/Content/ModularDungeon/Materials/DarkWood.uasset" 36
"../../../../../../Test/HomeWork_10/Content/ModularDungeon/Materials/Wood.uasset" 37
"../../../../../../Test/HomeWork_10/Content/ModularDungeon/Crate.uasset" 38
"../../../../../../Test/HomeWork_10/Content/Arcanoid/Blueprints/BP_Block.uasset" 39
"../../../../../../Test/HomeWork_10/Content/Arcanoid/Blueprints/BP_BlockConstructionPreview.uasset" 40
"../../../../../../Test/HomeWork_10/Content/Arcanoid/Blueprints/BP_GameInstance.uasset" 41
"../../../../../../Test/HomeWork_10/Content/Arcanoid/Blueprints/Empty.uasset" 42
"../../../../../../Test/HomeWork_10/Content/Arcanoid/Materials/BasicMaterialBlock1.uasset" 43
"../../../../../../Test/HomeWork_10/Content/Arcanoid/Materials/BasicMaterialBlock2.uasset" 44
"../../../../../../Test/HomeWork_10/Content/Arcanoid/Materials/BasicMaterialBlock3.uasset" 45
"../../../../../../Test/HomeWork_10/Content/Arcanoid/Materials/BasicMaterialBlue.uasset" 46
"../../../../../../Test/HomeWork_10/Content/Arcanoid/Materials/BasicMaterialBonus1.uasset" 47
"../../../../../../Test/HomeWork_10/Content/Arcanoid/Materials/BasicMaterialBonus2.uasset" 48
"../../../../../../Test/HomeWork_10/Content/Arcanoid/Materials/BasicMaterialBonus3.uasset" 49
"../../../../../../Test/HomeWork_10/Content/Arcanoid/Materials/BasicMaterialDarkBlue.uasset" 50
"../../../../../../Test/HomeWork_10/Content/Arcanoid/Materials/BasicMaterialWhite.uasset" 51
"../../../../../../Test/HomeWork_10/Content/Assets2/Steel.uasset" 52
"../../../../../../Test/HomeWork_10/Content/Assets2/Wood.uasset" 53
"../../../../../../Test/HomeWork_10/Content/Assets2/Barrel.uasset" 54
"../../../../../../Test/HomeWork_10/Content/Assets2/Bars.uasset" 55
"../../../../../../Test/HomeWork_10/Content/Assets2/Cover_001.uasset" 56
"../../../../../../Test/HomeWork_10/Content/Assets2/Ink_001.uasset" 57
"../../../../../../Test/HomeWork_10/Content/Assets2/Paper_001.uasset" 58
"../../../../../../Test/HomeWork_10/Content/Assets2/Book2.uasset" 59
"../../../../../../Test/HomeWork_10/Content/Assets2/Cover.uasset" 60
"../../../../../../Test/HomeWork_10/Content/Assets2/Ink.uasset" 61
"../../../../../../Test/HomeWork_10/Content/Assets2/Paper.uasset" 62
"../../../../../../Test/HomeWork_10/Content/Assets2/Book3.uasset" 63
"../../../../../../Test/HomeWork_10/Content/Assets2/Black.uasset" 64
"../../../../../../Test/HomeWork_10/Content/Assets2/Candle.uasset" 65
"../../../../../../Test/HomeWork_10/Content/Assets2/Gold.uasset" 66
"../../../../../../Test/HomeWork_10/Content/Assets2/Candelabrum.uasset" 67
"../../../../../../Test/HomeWork_10/Content/Assets2/Candelabrum_tall.uasset" 68
"../../../../../../Test/HomeWork_10/Content/Assets2/Red.uasset" 69
"../../../../../../Test/HomeWork_10/Content/Assets2/Carpet.uasset" 70
"../../../../../../Test/HomeWork_10/Content/Assets2/DarkSteel.uasset" 71
"../../../../../../Test/HomeWork_10/Content/Assets2/Chest.uasset" 72
"../../../../../../Test/HomeWork_10/Content/Assets2/Chest_gold.uasset" 73
"../../../../../../Test/HomeWork_10/Content/Assets2/Rock.uasset" 74
"../../../../../../Test/HomeWork_10/Content/Assets2/Column.uasset" 75
"../../../../../../Test/HomeWork_10/Content/Assets2/Column_Broken.uasset" 76
"../../../../../../Test/HomeWork_10/Content/Assets2/Column_Broken2.uasset" 77
"../../../../../../Test/HomeWork_10/Content/Assets2/Entrance.uasset" 78
"../../../../../../Test/HomeWork_10/Content/Assets2/Entrance2.uasset" 79
"../../../../../../Test/HomeWork_10/Content/Assets2/RockLight.uasset" 80
"../../../../../../Test/HomeWork_10/Content/Assets2/ModularColumn_bottom.uasset" 81
"../../../../../../Test/HomeWork_10/Content/Assets2/ModularColumn_middle.uasset" 82
"../../../../../../Test/HomeWork_10/Content/Assets2/ModularColumn_top.uasset" 83
"../../../../../../Test/HomeWork_10/Content/Assets2/ModularFloor.uasset" 84
"../../../../../../Test/HomeWork_10/Content/Assets2/ModularStoneWall.uasset" 85
"../../../../../../Test/HomeWork_10/Content/Assets2/ModularStoneWall_top.uasset" 86
"../../../../../../Test/HomeWork_10/Content/Assets2/Blue.uasset" 87
"../../../../../../Test/HomeWork_10/Content/Assets2/Cork.uasset" 88
"../../../../../../Test/HomeWork_10/Content/Assets2/Potion.uasset" 89
"../../../../../../Test/HomeWork_10/Content/Assets2/Glass.uasset" 90
"../../../../../../Test/HomeWork_10/Content/Assets2/Liquid.uasset" 91
"../../../../../../Test/HomeWork_10/Content/Assets2/Potion2.uasset" 92
"../../../../../../Test/HomeWork_10/Content/Assets2/Grey.uasset" 93
"../../../../../../Test/HomeWork_10/Content/Assets2/Ice.uasset" 94
"../../../../../../Test/HomeWork_10/Content/Assets2/Potion3.uasset" 95
"../../../../../../Test/HomeWork_10/Content/Assets2/Potion4.uasset" 96
"../../../../../../Test/HomeWork_10/Content/Assets2/Potion5.uasset" 97
"../../../../../../Test/HomeWork_10/Content/Assets2/Yellow.uasset" 98
"../../../../../../Test/HomeWork_10/Content/Assets2/Potion6.uasset" 99
"../../../../../../Test/HomeWork_10/Content/Assets2/Rock1.uasset" 100
"../../../../../../Test/HomeWork_10/Content/Assets2/Rock_001.uasset" 101
"../../../../../../Test/HomeWork_10/Content/Assets2/Rock2.uasset" 102
"../../../../../../Test/HomeWork_10/Content/Assets2/Rock_002.uasset" 103
"../../../../../../Test/HomeWork_10/Content/Assets2/Rock3.uasset" 104
"../../../../../../Test/HomeWork_10/Content/Assets2/Rock_003.uasset" 105
"../../../../../../Test/HomeWork_10/Content/Assets2/Rock4.uasset" 106
"../../../../../../Test/HomeWork_10/Content/Assets2/Rock_004.uasset" 107
"../../../../../../Test/HomeWork_10/Content/Assets2/Rock5.uasset" 108
"../../../../../../Test/HomeWork_10/Content/Assets2/Stairs.uasset" 109
"../../../../../../Test/HomeWork_10/Content/Assets2/Fire.uasset" 110
"../../../../../../Test/HomeWork_10/Content/Assets2/Torch.uasset" 111
"../../../../../../Test/HomeWork_10/Content/Assets2/Torch_wall.uasset" 112
"../../../../../../Test/HomeWork_10/Content/Assets2/WallRocks.uasset" 113
"../../../../../../Test/HomeWork_10/Content/Assets2/Window.uasset" 114
"../../../../../../Test/HomeWork_10/Content/Food/Material_002.uasset" 115
"../../../../../../Test/HomeWork_10/Content/Food/Bacon.uasset" 116
"../../../../../../Test/HomeWork_10/Content/Food/Material_003.uasset" 117
"../../../../../../Test/HomeWork_10/Content/Food/Burger.uasset" 118
"../../../../../../Test/HomeWork_10/Content/Food/Material_004.uasset" 119
"../../../../../../Test/HomeWork_10/Content/Food/Burger_Sesame_Seeds.uasset" 120
"../../../../../../Test/HomeWork_10/Content/Food/Material_005.uasset" 121
"../../../../../../Test/HomeWork_10/Content/Food/Carrot.uasset" 122
"../../../../../../Test/HomeWork_10/Content/Food/Material_006.uasset" 123
"../../../../../../Test/HomeWork_10/Content/Food/Cheese_Big.uasset" 124
"../../../../../../Test/HomeWork_10/Content/Food/Material_007.uasset" 125
"../../../../../../Test/HomeWork_10/Content/Food/Cheese_Big_Missing_Chunk_Holes.uasset" 126
"../../../../../../Test/HomeWork_10/Content/Food/Material_008.uasset" 127
"../../../../../../Test/HomeWork_10/Content/Food/Cheese_Big_Missing_Chunk_No_Holes.uasset" 128
"../../../../../../Test/HomeWork_10/Content/Food/Material_009.uasset" 129
"../../../../../../Test/HomeWork_10/Content/Food/Cheese_Small_No_Holes.uasset" 130
"../../../../../../Test/HomeWork_10/Content/Food/Material_011.uasset" 131
"../../../../../../Test/HomeWork_10/Content/Food/Cookie.uasset" 132
"../../../../../../Test/HomeWork_10/Content/Food/Material_012.uasset" 133
"../../../../../../Test/HomeWork_10/Content/Food/Cupcake.uasset" 134
"../../../../../../Test/HomeWork_10/Content/Food/Material_013.uasset" 135
"../../../../../../Test/HomeWork_10/Content/Food/Egg.uasset" 136
"../../../../../../Test/HomeWork_10/Content/Food/Material_014.uasset" 137
"../../../../../../Test/HomeWork_10/Content/Food/Ham.uasset" 138
"../../../../../../Test/HomeWork_10/Content/Food/Material_016.uasset" 139
"../../../../../../Test/HomeWork_10/Content/Food/Mushroom_1.uasset" 140
"../../../../../../Test/HomeWork_10/Content/Food/Material_017.uasset" 141
"../../../../../../Test/HomeWork_10/Content/Food/Mushroom_2.uasset" 142
"../../../../../../Test/HomeWork_10/Content/Food/Material_018.uasset" 143
"../../../../../../Test/HomeWork_10/Content/Food/Onion.uasset" 144
"../../../../../../Test/HomeWork_10/Content/Food/Material_019.uasset" 145
"../../../../../../Test/HomeWork_10/Content/Food/Onion_White.uasset" 146
"../../../../../../Test/HomeWork_10/Content/Food/Material_021.uasset" 147
"../../../../../../Test/HomeWork_10/Content/Food/Pear.uasset" 148
"../../../../../../Test/HomeWork_10/Content/Food/Material_022.uasset" 149
"../../../../../../Test/HomeWork_10/Content/Food/Pineapple.uasset" 150
"../../../../../../Test/HomeWork_10/Content/Food/Material_023.uasset" 151
"../../../../../../Test/HomeWork_10/Content/Food/Pizza.uasset" 152
"../../../../../../Test/HomeWork_10/Content/Food/Material_024.uasset" 153
"../../../../../../Test/HomeWork_10/Content/Food/Pizza_Slice.uasset" 154
"../../../../../../Test/HomeWork_10/Content/Food/Material_025.uasset" 155
"../../../../../../Test/HomeWork_10/Content/Food/Ribs.uasset" 156
"../../../../../../Test/HomeWork_10/Content/Food/Material_026.uasset" 157
"../../../../../../Test/HomeWork_10/Content/Food/Sausage.uasset" 158
"../../../../../../Test/HomeWork_10/Content/Food/Material_027.uasset" 159
"../../../../../../Test/HomeWork_10/Content/Food/Toast.uasset" 160
"../../../../../../Test/HomeWork_10/Content/Food/Material_028.uasset" 161
"../../../../../../Test/HomeWork_10/Content/Food/Tomato.uasset" 162
"../../../../../../Test/HomeWork_10/Content/Gems/Material_078.uasset" 163
"../../../../../../Test/HomeWork_10/Content/Gems/Gempurse.uasset" 164
"../../../../../../Test/HomeWork_10/Content/Gems/Material_007.uasset" 165
"../../../../../../Test/HomeWork_10/Content/Gems/Gem_Marquise_Blue.uasset" 166
"../../../../../../Test/HomeWork_10/Content/Gems/Material_008.uasset" 167
"../../../../../../Test/HomeWork_10/Content/Gems/Gem_Marquise_Lightblue.uasset" 168
"../../../../../../Test/HomeWork_10/Content/Gems/Material_009.uasset" 169
"../../../../../../Test/HomeWork_10/Content/Gems/Gem_Marquise_Pink.uasset" 170
"../../../../../../Test/HomeWork_10/Content/Gems/Material_010.uasset" 171
"../../../../../../Test/HomeWork_10/Content/Gems/Gem_Marquise_Red.uasset" 172
"../../../../../../Test/HomeWork_10/Content/Gems/Material_011.uasset" 173
"../../../../../../Test/HomeWork_10/Content/Gems/Gem_Marquise_Turqoiuse_.uasset" 174
"../../../../../../Test/HomeWork_10/Content/Gems/Material_012.uasset" 175
"../../../../../../Test/HomeWork_10/Content/Gems/Gem_Marquise_Violet.uasset" 176
"../../../../../../Test/HomeWork_10/Content/Gems/Material_013.uasset" 177
"../../../../../../Test/HomeWork_10/Content/Gems/Gem_Marquise_Yellow.uasset" 178
"../../../../../../Test/HomeWork_10/Content/Gems/Material_014.uasset" 179
"../../../../../../Test/HomeWork_10/Content/Gems/Gem_Pear_Blue.uasset" 180
"../../../../../../Test/HomeWork_10/Content/Gems/Material_015.uasset" 181
"../../../../../../Test/HomeWork_10/Content/Gems/Gem_Pear_Lightblue.uasset" 182
"../../../../../../Test/HomeWork_10/Content/Gems/Material_016.uasset" 183
"../../../../../../Test/HomeWork_10/Content/Gems/Gem_Pear_Pink.uasset" 184
"../../../../../../Test/HomeWork_10/Content/Gems/Material_017.uasset" 185
"../../../../../../Test/HomeWork_10/Content/Gems/Gem_Pear_Red.uasset" 186
"../../../../../../Test/HomeWork_10/Content/Gems/Material_018.uasset" 187
"../../../../../../Test/HomeWork_10/Content/Gems/Gem_Pear_Turqoiuse_.uasset" 188
"../../../../../../Test/HomeWork_10/Content/Gems/Material_019.uasset" 189
"../../../../../../Test/HomeWork_10/Content/Gems/Gem_Pear_Violet.uasset" 190
"../../../../../../Test/HomeWork_10/Content/Gems/Material_020.uasset" 191
"../../../../../../Test/HomeWork_10/Content/Gems/Gem_Pear_Yellow.uasset" 192
"../../../../../../Test/HomeWork_10/Content/Gems/Material_021.uasset" 193
"../../../../../../Test/HomeWork_10/Content/Gems/Gem_Round_Flat_Bottom_Blue.uasset" 194
"../../../../../../Test/HomeWork_10/Content/Gems/Material_022.uasset" 195
"../../../../../../Test/HomeWork_10/Content/Gems/Gem_Round_Flat_Bottom_Lightblue.uasset" 196
"../../../../../../Test/HomeWork_10/Content/Gems/Material_023.uasset" 197
"../../../../../../Test/HomeWork_10/Content/Gems/Gem_Round_Flat_Bottom_Pink.uasset" 198
"../../../../../../Test/HomeWork_10/Content/Gems/Material_024.uasset" 199
"../../../../../../Test/HomeWork_10/Content/Gems/Gem_Round_Flat_Bottom_Red.uasset" 200
"../../../../../../Test/HomeWork_10/Content/Gems/Material_025.uasset" 201
"../../../../../../Test/HomeWork_10/Content/Gems/Gem_Round_Flat_Bottom_Turqoiuse_.uasset" 202
"../../../../../../Test/HomeWork_10/Content/Gems/Material_026.uasset" 203
"../../../../../../Test/HomeWork_10/Content/Gems/Gem_Round_Flat_Bottom_Violet.uasset" 204
"../../../../../../Test/HomeWork_10/Content/Gems/Material_027.uasset" 205
"../../../../../../Test/HomeWork_10/Content/Gems/Gem_Round_Flat_Bottom_Yellow.uasset" 206
"../../../../../../Test/HomeWork_10/Content/Gems/Material_028.uasset" 207
"../../../../../../Test/HomeWork_10/Content/Gems/Gem_Round_Sharp_Bottom_Blue.uasset" 208
"../../../../../../Test/HomeWork_10/Content/Gems/Material_029.uasset" 209
"../../../../../../Test/HomeWork_10/Content/Gems/Gem_Round_Sharp_Bottom_Lightblue.uasset" 210
"../../../../../../Test/HomeWork_10/Content/Gems/Material_030.uasset" 211
"../../../../../../Test/HomeWork_10/Content/Gems/Gem_Round_Sharp_Bottom_Pink.uasset" 212
"../../../../../../Test/HomeWork_10/Content/Gems/Material_031.uasset" 213
"../../../../../../Test/HomeWork_10/Content/Gems/Gem_Round_Sharp_Bottom_Red.uasset" 214
"../../../../../../Test/HomeWork_10/Content/Gems/Material_032.uasset" 215
"../../../../../../Test/HomeWork_10/Content/Gems/Gem_Round_Sharp_Bottom_Turqoiuse_.uasset" 216
"../../../../../../Test/HomeWork_10/Content/Gems/Material_033.uasset" 217
"../../../../../../Test/HomeWork_10/Content/Gems/Gem_Round_Sharp_Bottom_Violet.uasset" 218
"../../../../../../Test/HomeWork_10/Content/Gems/Material_034.uasset" 219
"../../../../../../Test/HomeWork_10/Content/Gems/Gem_Round_Sharp_Bottom_Yellow.uasset" 220
"../../../../../../Test/HomeWork_10/Content/Gems/Material_036.uasset" 221
"../../../../../../Test/HomeWork_10/Content/Gems/Gem_Round_V2_Lightblue.uasset" 222
"../../../../../../Test/HomeWork_10/Content/Gems/Material_037.uasset" 223
"../../../../../../Test/HomeWork_10/Content/Gems/Gem_Round_V2_Pink.uasset" 224
"../../../../../../Test/HomeWork_10/Content/Gems/Material_038.uasset" 225
"../../../../../../Test/HomeWork_10/Content/Gems/Gem_Round_V2_Red.uasset" 226
"../../../../../../Test/HomeWork_10/Content/Gems/Material_039.uasset" 227
"../../../../../../Test/HomeWork_10/Content/Gems/Gem_Round_V2_Turqoiuse_.uasset" 228
"../../../../../../Test/HomeWork_10/Content/Gems/Material_040.uasset" 229
"../../../../../../Test/HomeWork_10/Content/Gems/Gem_Round_V2_Violet.uasset" 230
"../../../../../../Test/HomeWork_10/Content/Gems/Material_041.uasset" 231
"../../../../../../Test/HomeWork_10/Content/Gems/Gem_Round_V2_Yellow.uasset" 232
"../../../../../../Test/HomeWork_10/Content/Gems/Material_035.uasset" 233
"../../../../../../Test/HomeWork_10/Content/Gems/Gem_Round_V2__Blue.uasset" 234
"../../../../../../Test/HomeWork_10/Content/Gems/Material_042.uasset" 235
"../../../../../../Test/HomeWork_10/Content/Gems/Gem_Square_Flat_Bottom_Blue.uasset" 236
"../../../../../../Test/HomeWork_10/Content/Gems/Material_043.uasset" 237
"../../../../../../Test/HomeWork_10/Content/Gems/Gem_Square_Flat_Bottom_Lightblue.uasset" 238
"../../../../../../Test/HomeWork_10/Content/Gems/Material_044.uasset" 239
"../../../../../../Test/HomeWork_10/Content/Gems/Gem_Square_Flat_Bottom_Pink.uasset" 240
"../../../../../../Test/HomeWork_10/Content/Gems/Material_045.uasset" 241
"../../../../../../Test/HomeWork_10/Content/Gems/Gem_Square_Flat_Bottom_Red.uasset" 242
"../../../../../../Test/HomeWork_10/Content/Gems/Material_046.uasset" 243
"../../../../../../Test/HomeWork_10/Content/Gems/Gem_Square_Flat_Bottom_Turqoiuse_.uasset" 244
"../../../../../../Test/HomeWork_10/Content/Gems/Material_047.uasset" 245
"../../../../../../Test/HomeWork_10/Content/Gems/Gem_Square_Flat_Bottom_Violet.uasset" 246
"../../../../../../Test/HomeWork_10/Content/Gems/Material_048.uasset" 247
"../../../../../../Test/HomeWork_10/Content/Gems/Gem_Square_Flat_Bottom_Yellow.uasset" 248
"../../../../../../Test/HomeWork_10/Content/Gems/Material_049.uasset" 249
"../../../../../../Test/HomeWork_10/Content/Gems/Gem_Square_Sharp_Bottom_Blue.uasset" 250
"../../../../../../Test/HomeWork_10/Content/Gems/Material_050.uasset" 251
"../../../../../../Test/HomeWork_10/Content/Gems/Gem_Square_Sharp_Bottom_Lightblue.uasset" 252
"../../../../../../Test/HomeWork_10/Content/Gems/Material_051.uasset" 253
"../../../../../../Test/HomeWork_10/Content/Gems/Gem_Square_Sharp_Bottom_Pink.uasset" 254
"../../../../../../Test/HomeWork_10/Content/Gems/Material_052.uasset" 255
"../../../../../../Test/HomeWork_10/Content/Gems/Gem_Square_Sharp_Bottom_Red.uasset" 256
"../../../../../../Test/HomeWork_10/Content/Gems/Material_053.uasset" 257
"../../../../../../Test/HomeWork_10/Content/Gems/Gem_Square_Sharp_Bottom_Turqoiuse_.uasset" 258
"../../../../../../Test/HomeWork_10/Content/Gems/Material_054.uasset" 259
"../../../../../../Test/HomeWork_10/Content/Gems/Gem_Square_Sharp_Bottom_Violet.uasset" 260
"../../../../../../Test/HomeWork_10/Content/Gems/Material_055.uasset" 261
"../../../../../../Test/HomeWork_10/Content/Gems/Gem_Square_Sharp_Bottom_Yellow.uasset" 262
"../../../../../../Test/HomeWork_10/Content/Gems/Material_058.uasset" 263
"../../../../../../Test/HomeWork_10/Content/Gems/Gem_Square_V2_Pink.uasset" 264
"../../../../../../Test/HomeWork_10/Content/Gems/Material_061.uasset" 265
"../../../../../../Test/HomeWork_10/Content/Gems/Gem_Square_V2_Turqoiuse_.uasset" 266
"../../../../../../Test/HomeWork_10/Content/Gems/Material_062.uasset" 267
"../../../../../../Test/HomeWork_10/Content/Gems/Gem_Square_V2_Violet.uasset" 268
"../../../../../../Test/HomeWork_10/Content/Gems/Material_063.uasset" 269
"../../../../../../Test/HomeWork_10/Content/Gems/Gem_Square_V2_Yellow.uasset" 270
"../../../../../../Test/HomeWork_10/Content/Gems/Material_064.uasset" 271
"../../../../../../Test/HomeWork_10/Content/Gems/Gem_Triangle_2_Blue.uasset" 272
"../../../../../../Test/HomeWork_10/Content/Gems/Material_065.uasset" 273
"../../../../../../Test/HomeWork_10/Content/Gems/Gem_Triangle_2_Lightblue.uasset" 274
"../../../../../../Test/HomeWork_10/Content/Gems/Material_066.uasset" 275
"../../../../../../Test/HomeWork_10/Content/Gems/Gem_Triangle_2_Pink.uasset" 276
"../../../../../../Test/HomeWork_10/Content/Gems/Material_067.uasset" 277
"../../../../../../Test/HomeWork_10/Content/Gems/Gem_Triangle_2_Red.uasset" 278
"../../../../../../Test/HomeWork_10/Content/Gems/Material_068.uasset" 279
"../../../../../../Test/HomeWork_10/Content/Gems/Gem_Triangle_2_Turqoiuse_.uasset" 280
"../../../../../../Test/HomeWork_10/Content/Gems/Material_069.uasset" 281
"../../../../../../Test/HomeWork_10/Content/Gems/Gem_Triangle_2_Violet.uasset" 282
"../../../../../../Test/HomeWork_10/Content/Gems/Material_070.uasset" 283
"../../../../../../Test/HomeWork_10/Content/Gems/Gem_Triangle_2_Yellow.uasset" 284
"../../../../../../Test/HomeWork_10/Content/Gems/Material_071.uasset" 285
"../../../../../../Test/HomeWork_10/Content/Gems/Gem_Triangle_Blue.uasset" 286
"../../../../../../Test/HomeWork_10/Content/Gems/Material_072.uasset" 287
"../../../../../../Test/HomeWork_10/Content/Gems/Gem_Triangle_Lightblue.uasset" 288
"../../../../../../Test/HomeWork_10/Content/Gems/Material_073.uasset" 289
"../../../../../../Test/HomeWork_10/Content/Gems/Gem_Triangle_Pink.uasset" 290
"../../../../../../Test/HomeWork_10/Content/Gems/Material_074.uasset" 291
"../../../../../../Test/HomeWork_10/Content/Gems/Gem_Triangle_Red.uasset" 292
"../../../../../../Test/HomeWork_10/Content/Gems/Material_075.uasset" 293
"../../../../../../Test/HomeWork_10/Content/Gems/Gem_Triangle_Turqoiuse_.uasset" 294
"../../../../../../Test/HomeWork_10/Content/Gems/Material_076.uasset" 295
"../../../../../../Test/HomeWork_10/Content/Gems/Gem_Triangle_Violet.uasset" 296
"../../../../../../Test/HomeWork_10/Content/Gems/Material_077.uasset" 297
"../../../../../../Test/HomeWork_10/Content/Gems/Gem_Triangle_Yellow.uasset" 298
"../../../../../../Test/HomeWork_10/Content/Gems/Material_084.uasset" 299
"../../../../../../Test/HomeWork_10/Content/Gems/Goldpurse_Empty_1.uasset" 300
"../../../../../../Test/HomeWork_10/Content/Gems/Material_085.uasset" 301
"../../../../../../Test/HomeWork_10/Content/Gems/Goldpurse_Empty_2.uasset" 302
"../../../../../../Test/HomeWork_10/Content/Gems/Material_086.uasset" 303
"../../../../../../Test/HomeWork_10/Content/Gems/Goldpurse_Full.uasset" 304
"../../../../../../Test/HomeWork_10/Content/Gems/Material_087.uasset" 305
"../../../../../../Test/HomeWork_10/Content/Gems/Inkbottle.uasset" 306
"../../../../../../Test/HomeWork_10/Content/ModularDungeon/Materials/Iron.uasset" 307
"../../../../../../Test/HomeWork_10/Content/ModularDungeon/Arch_bars.uasset" 308
"../../../../../../Test/HomeWork_10/Content/ModularDungeon/Materials/DarkMetal.uasset" 309
"../../../../../../Test/HomeWork_10/Content/ModularDungeon/Materials/Metal.uasset" 310
"../../../../../../Test/HomeWork_10/Content/ModularDungeon/Arch_Door_bottompivot.uasset" 311
"../../../../../../Test/HomeWork_10/Content/ModularDungeon/Materials/Bag.uasset" 312
"../../../../../../Test/HomeWork_10/Content/ModularDungeon/Materials/Gold.uasset" 313
"../../../../../../Test/HomeWork_10/Content/ModularDungeon/Bag_Coins.uasset" 314
"../../../../../../Test/HomeWork_10/Content/ModularDungeon/Materials/Thread.uasset" 315
"../../../../../../Test/HomeWork_10/Content/ModularDungeon/Bag_Standing.uasset" 316
"../../../../../../Test/HomeWork_10/Content/ModularDungeon/Materials/Main.uasset" 317
"../../../../../../Test/HomeWork_10/Content/ModularDungeon/Banner.uasset" 318
"../../../../../../Test/HomeWork_10/Content/ModularDungeon/Banner_wall.uasset" 319
"../../../../../../Test/HomeWork_10/Content/ModularDungeon/Barrel2.uasset" 320
"../../../../../../Test/HomeWork_10/Content/ModularDungeon/Materials/Grey_Floor.uasset" 321
"../../../../../../Test/HomeWork_10/Content/ModularDungeon/Brick.uasset" 322
"../../../../../../Test/HomeWork_10/Content/ModularDungeon/Bucket.uasset" 323
"../../../../../../Test/HomeWork_10/Content/ModularDungeon/Materials/Cobweb1.uasset" 324
"../../../../../../Test/HomeWork_10/Content/ModularDungeon/Cobweb.uasset" 325
"../../../../../../Test/HomeWork_10/Content/ModularDungeon/Materials/Cobweb3.uasset" 326
"../../../../../../Test/HomeWork_10/Content/ModularDungeon/Cobweb2.uasset" 327
"../../../../../../Test/HomeWork_10/Content/ModularDungeon/Coin_Pile.uasset" 328
"../../../../../../Test/HomeWork_10/Content/ModularDungeon/Materials/DarkGrey_Floor.uasset" 329
"../../../../../../Test/HomeWork_10/Content/ModularDungeon/Column.uasset" 330
"../../../../../../Test/HomeWork_10/Content/ModularDungeon/Column2.uasset" 331
"../../../../../../Test/HomeWork_10/Content/ModularDungeon/Materials/Wall_Dark.uasset" 332
"../../../../../../Test/HomeWork_10/Content/ModularDungeon/Materials/Wall_Highlights.uasset" 333
"../../../../../../Test/HomeWork_10/Content/ModularDungeon/Decorative_Wall.uasset" 334
"../../../../../../Test/HomeWork_10/Content/ModularDungeon/Fence_90_Modular.uasset" 335
"../../../../../../Test/HomeWork_10/Content/ModularDungeon/Fence_End_Modular.uasset" 336
"../../../../../../Test/HomeWork_10/Content/ModularDungeon/Fence_Straight_Modular.uasset" 337
"../../../../../../Test/HomeWork_10/Content/ModularDungeon/Floor_BricksSeparate.uasset" 338
"../../../../../../Test/HomeWork_10/Content/ModularDungeon/Floor_BricksSeparate2.uasset" 339
"../../../../../../Test/HomeWork_10/Content/ModularDungeon/Materials/Marble.uasset" 340
"../../../../../../Test/HomeWork_10/Content/ModularDungeon/Pedestal.uasset" 341
"../../../../../../Test/HomeWork_10/Content/ModularDungeon/Pedestal2.uasset" 342
"../../../../../../Test/HomeWork_10/Content/ModularDungeon/Materials/Bone.uasset" 343
"../../../../../../Test/HomeWork_10/Content/ModularDungeon/Skull.uasset" 344
"../../../../../../Test/HomeWork_10/Content/ModularDungeon/Spikes.uasset" 345
"../../../../../../Test/HomeWork_10/Content/ModularDungeon/Stairs_SideCover.uasset" 346
"../../../../../../Test/HomeWork_10/Content/ModularDungeon/Stairs_SideCoverWall.uasset" 347
"../../../../../../Test/HomeWork_10/Content/ModularDungeon/Materials/Statue.uasset" 348
"../../../../../../Test/HomeWork_10/Content/ModularDungeon/Statue_Horse.uasset" 349
"../../../../../../Test/HomeWork_10/Content/ModularDungeon/Materials/DarkSteel.uasset" 350
"../../../../../../Test/HomeWork_10/Content/ModularDungeon/Materials/LightSteel.uasset" 351
"../../../../../../Test/HomeWork_10/Content/ModularDungeon/Materials/LightWood.uasset" 352
"../../../../../../Test/HomeWork_10/Content/ModularDungeon/Materials/Steel.uasset" 353
"../../../../../../Test/HomeWork_10/Content/ModularDungeon/Sword_WallMount.uasset" 354
"../../../../../../Test/HomeWork_10/Content/ModularDungeon/Trapdoor.uasset" 355
"../../../../../../Test/HomeWork_10/Content/ModularDungeon/Trapdoor_open.uasset" 356
"../../../../../../Test/HomeWork_10/Content/ModularDungeon/Trap_empty.uasset" 357
"../../../../../../Test/HomeWork_10/Content/ModularDungeon/Trap_spikes.uasset" 358
"../../../../../../Test/HomeWork_10/Content/ModularDungeon/Materials/Ceramic.uasset" 359
"../../../../../../Test/HomeWork_10/Content/ModularDungeon/Vase.uasset" 360
"../../../../../../Test/HomeWork_10/Content/ModularDungeon/WallCover_Modular.uasset" 361
"../../../../../../Test/HomeWork_10/Content/ModularDungeon/Materials/Fire.uasset" 362
"../../../../../../Test/HomeWork_10/Content/ModularDungeon/Woodfire.uasset" 363
"../../../../../../Test/HomeWork_10/Content/ModularDungeon/Materials/DarkGrey_Floor1.uasset" 364
"../../../../../../Test/HomeWork_10/Content/ModularDungeon/Materials/DarkWood_001.uasset" 365
"../../../../../../Test/HomeWork_10/Content/Potions/RHIGH.uasset" 366
"../../../../../../Test/HomeWork_10/Content/Potions/RLOW.uasset" 367
"../../../../../../Test/HomeWork_10/Content/Potions/Blue_Potion_1.uasset" 368
"../../../../../../Test/HomeWork_10/Content/Potions/RHIGH_007.uasset" 369
"../../../../../../Test/HomeWork_10/Content/Potions/RLOW_007.uasset" 370
"../../../../../../Test/HomeWork_10/Content/Potions/Blue_Potion_10.uasset" 371
"../../../../../../Test/HomeWork_10/Content/Potions/RHIGH_009.uasset" 372
"../../../../../../Test/HomeWork_10/Content/Potions/RLOW_009.uasset" 373
"../../../../../../Test/HomeWork_10/Content/Potions/Blue_Potion_11.uasset" 374
"../../../../../../Test/HomeWork_10/Content/Potions/RHIGH_010.uasset" 375
"../../../../../../Test/HomeWork_10/Content/Potions/RLOW_010.uasset" 376
"../../../../../../Test/HomeWork_10/Content/Potions/Blue_Potion_12.uasset" 377
"../../../../../../Test/HomeWork_10/Content/Potions/RHIGH_011.uasset" 378
"../../../../../../Test/HomeWork_10/Content/Potions/RLOW_011.uasset" 379
"../../../../../../Test/HomeWork_10/Content/Potions/Blue_Potion_13.uasset" 380
"../../../../../../Test/HomeWork_10/Content/Potions/RHIGH_013.uasset" 381
"../../../../../../Test/HomeWork_10/Content/Potions/RLOW_013.uasset" 382
"../../../../../../Test/HomeWork_10/Content/Potions/Blue_Potion_14.uasset" 383
"../../../../../../Test/HomeWork_10/Content/Potions/RHIGH_015.uasset" 384
"../../../../../../Test/HomeWork_10/Content/Potions/RLOW_015.uasset" 385
"../../../../../../Test/HomeWork_10/Content/Potions/Blue_Potion_15.uasset" 386
"../../../../../../Test/HomeWork_10/Content/Potions/RHIGH_016.uasset" 387
"../../../../../../Test/HomeWork_10/Content/Potions/RLOW_016.uasset" 388
"../../../../../../Test/HomeWork_10/Content/Potions/Blue_Potion_16.uasset" 389
"../../../../../../Test/HomeWork_10/Content/Potions/RHIGH_002.uasset" 390
"../../../../../../Test/HomeWork_10/Content/Potions/RLOW_002.uasset" 391
"../../../../../../Test/HomeWork_10/Content/Potions/Blue_Potion_2.uasset" 392
"../../../../../../Test/HomeWork_10/Content/Potions/Blue_Potion_4.uasset" 393
"../../../../../../Test/HomeWork_10/Content/Potions/Blue_Potion_5.uasset" 394
"../../../../../../Test/HomeWork_10/Content/Potions/Blue_Potion_6.uasset" 395
"../../../../../../Test/HomeWork_10/Content/Potions/Blue_Potion_7.uasset" 396
"../../../../../../Test/HomeWork_10/Content/Potions/RHIGH_019.uasset" 397
"../../../../../../Test/HomeWork_10/Content/Potions/RLOW_019.uasset" 398
"../../../../../../Test/HomeWork_10/Content/Potions/Blue_Potion_8.uasset" 399
"../../../../../../Test/HomeWork_10/Content/Potions/RHIGH_004.uasset" 400
"../../../../../../Test/HomeWork_10/Content/Potions/RLOW_004.uasset" 401
"../../../../../../Test/HomeWork_10/Content/Potions/Blue_Potion_9.uasset" 402
"../../../Engine/Content/Animation/DefaultAnimCurveCompressionSettings.uasset" 403
"../../../Engine/Content/ArtTools/RenderToTexture/Meshes/S_1_Unit_Plane.uasset" 404
"../../../Engine/Content/BasicShapes/Cone.uasset" 405
"../../../Engine/Content/BasicShapes/Cylinder.uasset" 406
"../../../Engine/Content/BasicShapes/Plane.uasset" 407
"../../../Engine/Content/EditorLandscapeResources/DataLayer.uasset" 408
"../../../Engine/Content/EditorMaterials/GizmoMaterial.uasset" 409
"../../../Engine/Content/EditorMaterials/MAT_Groups_Toggle.uasset" 410
"../../../Engine/Content/EditorMaterials/MAT_Groups_Visibility.uasset" 411
"../../../Engine/Content/EditorMaterials/PreviewShadowIndicator.uasset" 412
"../../../Engine/Content/EditorMaterials/PreviewShadowIndicatorMaterial.uasset" 413
"../../../Engine/Content/EditorMaterials/MatineeGroups/MAT_ColorTrack.uasset" 414
"../../../Engine/Content/EditorMaterials/MatineeGroups/MAT_Groups_Anim.uasset" 415
"../../../Engine/Content/EditorMaterials/MatineeGroups/MAT_Groups_AudioMaster.uasset" 416
"../../../Engine/Content/EditorMaterials/MatineeGroups/MAT_Groups_Director.uasset" 417
"../../../Engine/Content/EditorMaterials/MatineeGroups/MAT_Groups_Event.uasset" 418
"../../../Engine/Content/EditorMaterials/MatineeGroups/MAT_Groups_Fade.uasset" 419
"../../../Engine/Content/EditorMaterials/MatineeGroups/MAT_Groups_Float.uasset" 420
"../../../Engine/Content/EditorMaterials/MatineeGroups/MAT_Groups_Move.uasset" 421
"../../../Engine/Content/EditorMaterials/MatineeGroups/MAT_Groups_Slomo.uasset" 422
"../../../Engine/Content/EditorMaterials/MatineeGroups/MAT_Groups_Sound.uasset" 423
"../../../Engine/Content/EditorMaterials/MatineeGroups/MAT_Groups_Vector.uasset" 424
"../../../Engine/Content/EditorMaterials/ParticleSystems/PSysThumbnail_NoImage.uasset" 425
"../../../Engine/Content/EditorMaterials/ParticleSystems/PSysThumbnail_OOD.uasset" 426
"../../../Engine/Content/EditorMaterials/Camera/CineMat.uasset" 427
"../../../Engine/Content/EditorMaterials/Camera/MI_CineMat_Rig.uasset" 428
"../../../Engine/Content/EditorMeshes/Camera/SM_CraneRig_Arm.uasset" 429
"../../../Engine/Content/EditorMeshes/Camera/SM_CraneRig_Base.uasset" 430
"../../../Engine/Content/EditorMeshes/Camera/SM_CraneRig_Body.uasset" 431
"../../../Engine/Content/EditorMeshes/Camera/SM_CraneRig_Mount.uasset" 432
"../../../Engine/Content/EditorMeshes/Camera/SM_RailRig_Mount.uasset" 433
"../../../Engine/Content/EditorMeshes/Camera/SM_RailRig_Track.uasset" 434
"../../../Engine/Content/EditorResources/BSPVertex.uasset" 435
"../../../Engine/Content/EditorResources/EmptyActor.uasset" 436
"../../../Engine/Content/EditorResources/S_Actor.uasset" 437
"../../../Engine/Content/EditorResources/S_Note.uasset" 438
"../../../Engine/Content/EditorResources/S_Trigger.uasset" 439
"../../../Engine/Content/EditorResources/LightIcons/S_LightError.uasset" 440
"../../../Engine/Content/EditorResources/SequenceRecorder/Countdown.uasset" 441
"../../../Engine/Content/EditorResources/SequenceRecorder/RecordingIndicator.uasset" 442
"../../../Engine/Content/EditorSounds/Notifications/CompileFailed.uasset" 443
"../../../Engine/Content/EditorSounds/Notifications/CompileFailed_Cue.uasset" 444
"../../../Engine/Content/EditorSounds/Notifications/CompileSuccess.uasset" 445
"../../../Engine/Content/EditorSounds/Notifications/CompileStart_Cue.uasset" 446
"../../../Engine/Content/EditorSounds/Notifications/CompileSuccess_Cue.uasset" 447
"../../../Engine/Content/EngineDamageTypes/DmgTypeBP_Environmental.uasset" 448
"../../../Engine/Content/EngineDebugMaterials/HeatmapGradient.uasset" 449
"../../../Engine/Content/EngineDebugMaterials/BoneWeightMaterial.uasset" 450
"../../../Engine/Content/EngineDebugMaterials/ClothMaterial.uasset" 451
"../../../Engine/Content/EngineDebugMaterials/ClothMaterial_WF.uasset" 452
"../../../Engine/Content/EngineDebugMaterials/DebugEditorMaterial.uasset" 453
"../../../Engine/Content/EngineDebugMaterials/DebugMeshMaterial.uasset" 454
"../../../Engine/Content/EngineDebugMaterials/GeomMaterial.uasset" 455
"../../../Engine/Content/EngineDebugMaterials/M_SimpleTranslucent.uasset" 456
"../../../Engine/Content/EngineFonts/Faces/RobotoBold.uasset" 457
"../../../Engine/Content/EngineFonts/Faces/RobotoBoldItalic.uasset" 458
"../../../Engine/Content/EngineFonts/Faces/RobotoItalic.uasset" 459
"../../../Engine/Content/EngineFonts/Faces/RobotoLight.uasset" 460
"../../../Engine/Content/EngineFonts/Faces/RobotoRegular.uasset" 461
"../../../Engine/Content/EngineFonts/Roboto.uasset" 462
"../../../Engine/Content/EngineFonts/Faces/RobotoTiny.uasset" 463
"../../../Engine/Content/EngineFonts/RobotoTiny.uasset" 464
"../../../Engine/Content/EngineMaterials/BaseFlattenDiffuseMap.uasset" 465
"../../../Engine/Content/EngineMaterials/BaseFlattenEmissiveMap.uasset" 466
"../../../Engine/Content/EngineMaterials/BaseFlattenGrayscaleMap.uasset" 467
"../../../Engine/Content/EngineMaterials/BaseFlattenNormalMap.uasset" 468
"../../../Engine/Content/EngineMaterials/BaseFlattenMaterial.uasset" 469
"../../../Engine/Content/EngineMaterials/DefaultBloomKernel.uasset" 470
"../../../Engine/Content/EngineMaterials/DefaultBokeh.uasset" 471
"../../../Engine/Content/EngineMaterials/DefaultDiffuse.uasset" 472
"../../../Engine/Content/EngineMaterials/DefaultDeferredDecalMaterial.uasset" 473
"../../../Engine/Content/EngineMaterials/DefaultLightFunctionMaterial.uasset" 474
"../../../Engine/Content/EngineMaterials/DefaultPhysicalMaterial.uasset" 475
"../../../Engine/Content/Functions/Engine_MaterialFunctions02/Utility/BreakOutFloat2Components.uasset" 476
"../../../Engine/Content/EngineMaterials/DefaultPostProcessMaterial.uasset" 477
"../../../Engine/Content/EngineFonts/RobotoDistanceField.uasset" 478
"../../../Engine/Content/EngineMaterials/DefaultTextMaterialOpaque.uasset" 479
"../../../Engine/Content/EngineMaterials/DefaultWhiteGrid.uasset" 480
"../../../Engine/Content/EngineMaterials/EditorBrushMaterial.uasset" 481
"../../../Engine/Content/EngineMaterials/Good64x64TilingNoiseHighFreq.uasset" 482
"../../../Engine/Content/EngineMaterials/MiniFont.uasset" 483
"../../../Engine/Content/EngineMaterials/InvalidLightmapSettings.uasset" 484
"../../../Engine/Content/EngineMaterials/M_InvalidLightmapSettings.uasset" 485
"../../../Engine/Content/Functions/Engine_MaterialFunctions02/WorldPositionOffset/CameraOffset.uasset" 486
"../../../Engine/Content/EngineMaterials/PhAT_JointLimitMaterial.uasset" 487
"../../../Engine/Content/EngineMaterials/PreintegratedSkinBRDF.uasset" 488
"../../../Engine/Content/EngineMaterials/RemoveSurfaceMaterial.uasset" 489
"../../../Engine/Content/EngineMaterials/WeightMapPlaceholderTexture.uasset" 490
"../../../Engine/Content/EngineResources/WhiteSquareTexture.uasset" 491
"../../../Engine/Content/EngineMaterials/Widget3DPassThrough.uasset" 492
"../../../Engine/Content/EngineMaterials/Widget3DPassThrough_Masked.uasset" 493
"../../../Engine/Content/EngineMaterials/Widget3DPassThrough_Opaque.uasset" 494
"../../../Engine/Content/EngineMaterials/Widget3DPassThrough_Masked_OneSided.uasset" 495
"../../../Engine/Content/EngineMaterials/Widget3DPassThrough_Opaque_OneSided.uasset" 496
"../../../Engine/Content/EngineMaterials/Widget3DPassThrough_Translucent.uasset" 497
"../../../Engine/Content/EngineMaterials/Widget3DPassThrough_Translucent_OneSided.uasset" 498
"../../../Engine/Content/EngineMeshes/Cylinder.uasset" 499
"../../../Engine/Content/EngineMeshes/Sphere.uasset" 500
"../../../Engine/Content/EngineResources/Black.uasset" 501
"../../../Engine/Content/EngineResources/DefaultTexture.uasset" 502
"../../../Engine/Content/EngineResources/DefaultTextureCube.uasset" 503
"../../../Engine/Content/EngineResources/DefaultVolumeTexture2D.uasset" 504
"../../../Engine/Content/EngineResources/DefaultVolumeTexture.uasset" 505
"../../../Engine/Content/EngineResources/GradientTexture0.uasset" 506
"../../../Engine/Content/EngineSounds/Master.uasset" 507
"../../../Engine/Content/Functions/Engine_MaterialFunctions01/Shading/ConvertFromDiffSpec.uasset" 508
"../../../Engine/Content/Functions/Engine_MaterialFunctions01/Shading/PowerToRoughness.uasset" 509
"../../../Engine/Content/Maps/Templates/Thumbnails/Default.uasset" 510
"../../../Engine/Content/Maps/Templates/Thumbnails/VR-Basic.uasset" 511
"../../../Engine/Content/MobileResources/T_MobileControls_texture.uasset" 512
"../../../Engine/Content/MobileResources/T_MobileMenu2.uasset" 513
"../../../Engine/Content/MobileResources/HUD/AnalogHat.uasset" 514
"../../../Engine/Content/MobileResources/HUD/VirtualJoystick_Background.uasset" 515
"../../../Engine/Content/MobileResources/HUD/VirtualJoystick_Thumb.uasset" 516
"../../../Engine/Content/MobileResources/HUD/DefaultVirtualJoysticks.uasset" 517
"../../../Engine/Content/MobileResources/HUD/LeftVirtualJoystickOnly.uasset" 518
"../../../Engine/Content/MobileResources/HUD/MobileHUDButton1_off.uasset" 519
"../../../Engine/Content/MobileResources/HUD/MobileHUDButton1_on.uasset" 520
"../../../Engine/Content/MobileResources/HUD/MobileHUDButton2_off.uasset" 521
"../../../Engine/Content/MobileResources/HUD/MobileHUDButton2_on.uasset" 522
"../../../Engine/Content/MobileResources/HUD/MobileHUDButton3.uasset" 523
"../../../Engine/Content/MobileResources/HUD/MobileHUDButtonFire.uasset" 524
"../../../Engine/Content/MobileResources/HUD/MobileHUDDirectionPad.uasset" 525
"../../../Engine/Content/MobileResources/HUD/MobileHUDDirectionPad2.uasset" 526
"../../../Engine/Content/MobileResources/HUD/MobileHUDDirectionPad3.uasset" 527
"../../../Engine/Content/MobileResources/HUD/MobileHUDDirectionStick.uasset" 528
"../../../Engine/Content/MobileResources/HUD/T_Castle_ThumbstickInner.uasset" 529
"../../../Engine/Content/MobileResources/HUD/T_Castle_ThumbstickOutter.uasset" 530
"../../../Engine/Content/Tutorial/ContentIntroCurve.uasset" 531
"../../../Engine/Content/Tutorial/Basics/LevelEditorAttract.uasset" 532
"../../../Engine/Content/Tutorial/Basics/TutorialAssets/icon_tab_Levels_40x.uasset" 533
"../../../Engine/Content/Tutorial/Basics/LevelEditorOverview.uasset" 534
"../../../Engine/Content/Tutorial/BlueprintTutorials/TutorialAssets/Blueprint_64x.uasset" 535
"../../../Engine/Content/Tutorial/BlueprintTutorials/BlueprintEditorTutorial.uasset" 536
"../../../Engine/Content/Tutorial/Code/AddingCode.uasset" 537
"../../../Engine/Content/Tutorial/Installation/InstallingVisualStudioTutorial.uasset" 538
"../../../Engine/Content/VREditor/LaserPointer/VR_LaserPower_01.uasset" 539
"../../../Engine/Content/VREditor/TransformGizmo/TransformGizmoMaterial.uasset" 540
"../../../Engine/Content/VREditor/TransformGizmo/TranslucentTransformGizmoMaterial.uasset" 541
"../../../Engine/Content/VREditor/TransformGizmo/BoundingBoxCorner.uasset" 542
"../../../Engine/Content/VREditor/TransformGizmo/BoundingBoxEdge.uasset" 543
"../../../Engine/Content/VREditor/TransformGizmo/PlaneTranslationHandle.uasset" 544
"../../../Engine/Content/VREditor/TransformGizmo/Main.uasset" 545
"../../../Engine/Content/VREditor/TransformGizmo/Xray.uasset" 546
"../../../Engine/Content/VREditor/TransformGizmo/SM_Sequencer_Key.uasset" 547
"../../../Engine/Content/VREditor/TransformGizmo/SM_Sequencer_Node.uasset" 548
"../../Plugins/2D/Paper2D/Content/PlaceholderTextures/DummySpriteTexture.uasset" 549
"../../Plugins/2D/Paper2D/Content/DummySprite.uasset" 550
"../../Plugins/2D/Paper2D/Content/DefaultPaperTerrainMaterial.uasset" 551
"../../Plugins/2D/Paper2D/Content/DummySpriteTexture.uasset" 552
"../../Plugins/2D/Paper2D/Content/DefaultSpriteMaterial.uasset" 553
"../../Plugins/2D/Paper2D/Content/MaskedUnlitSpriteMaterial.uasset" 554
"../../Plugins/2D/Paper2D/Content/OpaqueUnlitSpriteMaterial.uasset" 555
"../../Plugins/Runtime/Oculus/OculusVR/Content/OculusMR_RenderTarget.uasset" 556
"../../../Engine/Content/Functions/Engine_MaterialFunctions02/Utility/BreakOutFloat4Components.uasset" 557
"../../../Engine/Content/Functions/Engine_MaterialFunctions02/Utility/MakeFloat2.uasset" 558
"../../../Engine/Content/Functions/Engine_MaterialFunctions02/Utility/MakeFloat3.uasset" 559
"../../Plugins/Runtime/Oculus/OculusVR/Content/Materials/OculusMR_ChromaKey.uasset" 560
"../../Plugins/Runtime/Oculus/OculusVR/Content/Materials/OculusMR_ChromaKey_Lit.uasset" 561
"../../Plugins/Runtime/Oculus/OculusVR/Content/Materials/OculusMR_OpaqueColoredMaterial.uasset" 562
"../../Plugins/Runtime/Oculus/OculusVR/Content/Materials/OculusMR_WhiteMaterial.uasset" 563
"../../Plugins/Runtime/Oculus/OculusVR/Content/Materials/PokeAHoleMaterial.uasset" 564
"../../Plugins/Runtime/Oculus/OculusVR/Content/Textures/GearVRController_AO.uasset" 565
"../../Plugins/Runtime/Oculus/OculusVR/Content/Textures/GearVRController_Color.uasset" 566
"../../Plugins/Runtime/Oculus/OculusVR/Content/Textures/GearVRController_Normal.uasset" 567
"../../Plugins/Runtime/Oculus/OculusVR/Content/Materials/GearVRControllerMaterial.uasset" 568
"../../Plugins/Runtime/Oculus/OculusVR/Content/Meshes/GearVrController.uasset" 569
"../../Plugins/Runtime/Oculus/OculusVR/Content/Textures/touchController_albedo.uasset" 570
"../../Plugins/Runtime/Oculus/OculusVR/Content/Textures/touchController_controlmap.uasset" 571
"../../Plugins/Runtime/Oculus/OculusVR/Content/Materials/touchController_mat.uasset" 572
"../../Plugins/Runtime/Oculus/OculusVR/Content/Meshes/LeftTouchController.uasset" 573
"../../Plugins/Runtime/Oculus/OculusVR/Content/Meshes/RiftHMD.uasset" 574
"../../Plugins/Runtime/Oculus/OculusVR/Content/Meshes/RightTouchController.uasset" 575
"../../../../../../Test/HomeWork_10/Content/Arcanoid/Blueprints/BP_BlockConstruction.uasset" 576
"../../../../../../Test/HomeWork_10/Content/Arcanoid/Blueprints/BP_Pawn.uasset" 577
"../../../../../../Test/HomeWork_10/Content/Arcanoid/Blueprints/BP_PlayerController.uasset" 578
"../../../../../../Test/HomeWork_10/Content/Arcanoid/Blueprints/BP_GameMode.uasset" 579
"../../../../../../Test/HomeWork_10/Content/Arcanoid/Levels/HomeWork_9_BuiltData.uasset" 580
"../../../../../../Test/HomeWork_10/Content/Arcanoid/Materials/BasicMaterialGrey.uasset" 581
"../../../../../../Test/HomeWork_10/Content/Food/Color.uasset" 582
"../../../../../../Test/HomeWork_10/Content/Food/Color_Mat.uasset" 583
"../../../../../../Test/HomeWork_10/Content/Gems/Color2.uasset" 584
"../../../../../../Test/HomeWork_10/Content/Gems/Color2_Mat.uasset" 585
"../../../../../../Test/HomeWork_10/Content/Potions/Color.uasset" 586
"../../../../../../Test/HomeWork_10/Content/Potions/Color_Mat.uasset" 587
"../../../../../../Test/HomeWork_10/Content/Assets2/Bones1.uasset" 588
"../../../../../../Test/HomeWork_10/Content/Assets2/Bones.uasset" 589
"../../../../../../Test/HomeWork_10/Content/Assets2/Bones3.uasset" 590
"../../../../../../Test/HomeWork_10/Content/Assets2/Bones2.uasset" 591
"../../../../../../Test/HomeWork_10/Content/Assets2/Book_Open.uasset" 592
"../../../../../../Test/HomeWork_10/Content/Food/Material_001.uasset" 593
"../../../../../../Test/HomeWork_10/Content/Food/Apple.uasset" 594
"../../../../../../Test/HomeWork_10/Content/Food/Material_010.uasset" 595
"../../../../../../Test/HomeWork_10/Content/Food/Cheese_Small_With_Holes.uasset" 596
"../../../../../../Test/HomeWork_10/Content/Food/Material_015.uasset" 597
"../../../../../../Test/HomeWork_10/Content/Food/Meat.uasset" 598
"../../../../../../Test/HomeWork_10/Content/Food/Material_020.uasset" 599
"../../../../../../Test/HomeWork_10/Content/Food/Orange.uasset" 600
"../../../../../../Test/HomeWork_10/Content/Gems/Material_056.uasset" 601
"../../../../../../Test/HomeWork_10/Content/Gems/Gem_Square_V2_Blue.uasset" 602
"../../../../../../Test/HomeWork_10/Content/Gems/Material_057.uasset" 603
"../../../../../../Test/HomeWork_10/Content/Gems/Gem_Square_V2_Lightblue.uasset" 604
"../../../../../../Test/HomeWork_10/Content/Gems/Material_060.uasset" 605
"../../../../../../Test/HomeWork_10/Content/Gems/Gem_Square_V2_Red.uasset" 606
"../../../../../../Test/HomeWork_10/Content/Gems/Material_079.uasset" 607
"../../../../../../Test/HomeWork_10/Content/Gems/Gold_Coin.uasset" 608
"../../../../../../Test/HomeWork_10/Content/Gems/Material_080.uasset" 609
"../../../../../../Test/HomeWork_10/Content/Gems/Gold_Coin_Heap_1.uasset" 610
"../../../../../../Test/HomeWork_10/Content/Gems/Material_081.uasset" 611
"../../../../../../Test/HomeWork_10/Content/Gems/Gold_Coin_Heap_2.uasset" 612
"../../../../../../Test/HomeWork_10/Content/Gems/Material_082.uasset" 613
"../../../../../../Test/HomeWork_10/Content/Gems/Gold_Coin_Stack_1.uasset" 614
"../../../../../../Test/HomeWork_10/Content/Gems/Material_083.uasset" 615
"../../../../../../Test/HomeWork_10/Content/Gems/Gold_Coin_Stack_2.uasset" 616
"../../../../../../Test/HomeWork_10/Content/ModularDungeon/Materials/Wall_Medium.uasset" 617
"../../../../../../Test/HomeWork_10/Content/ModularDungeon/Arch.uasset" 618
"../../../../../../Test/HomeWork_10/Content/ModularDungeon/Arch_Door.uasset" 619
"../../../../../../Test/HomeWork_10/Content/ModularDungeon/Barrel.uasset" 620
"../../../../../../Test/HomeWork_10/Content/ModularDungeon/Chair.uasset" 621
"../../../../../../Test/HomeWork_10/Content/ModularDungeon/Chest.uasset" 622
"../../../../../../Test/HomeWork_10/Content/ModularDungeon/Chest_Gold.uasset" 623
"../../../../../../Test/HomeWork_10/Content/ModularDungeon/Floor_Modular.uasset" 624
"../../../../../../Test/HomeWork_10/Content/ModularDungeon/Stairs_Modular.uasset" 625
"../../../../../../Test/HomeWork_10/Content/ModularDungeon/Table_Big.uasset" 626
"../../../../../../Test/HomeWork_10/Content/ModularDungeon/Table_Small.uasset" 627
"../../../../../../Test/HomeWork_10/Content/ModularDungeon/Torch.uasset" 628
"../../../../../../Test/HomeWork_10/Content/ModularDungeon/Wall_Modular.uasset" 629
"../../../../../../Test/HomeWork_10/Content/Potions/Blue_Potion_3.uasset" 630
"../../../../../../Test/HomeWork_10/Content/Arcanoid/Levels/HomeWork_9.umap" 631
"../../../Engine/Content/Maps/Entry_BuiltData.uasset" 632
"../../../Engine/Content/Maps/Entry.umap" 633
